[4h25mn58s] [Private Message] @||DRͥΔZͣEͫ_999|| : $a
[4h32mn30s] [Private Message] @||DRͥΔZͣEͫ_999|| : $B
[4h37mn17s] [Private Message] @||DRͥΔZͣEͫ_999|| : $a
[4h39mn40s] [Private Message] @||DRͥΔZͣEͫ_999|| : $stats
[4h56mn48s] [Private Message] @||DRͥΔZͣEͫ_999|| : $a
[4h58mn1s] [Private Message] @||DRͥΔZͣEͫ_999|| : $sc test 2k8
[4h58mn18s] [Private Message] @||DRͥΔZͣEͫ_999|| : $sc test 2k8 4 5 6 4 5 6
[4h59mn55s] [Private Message] @||DRͥΔZͣEͫ_999|| : $sc test 2k8
[4h59mn59s] [Private Message] @||DRͥΔZͣEͫ_999|| : $sc test 2k8 a
[5h0mn6s] [Private Message] @||DRͥΔZͣEͫ_999|| : $sc test
[5h0mn18s] [Private Message] @||DRͥΔZͣEͫ_999|| : $sc test 2k8 a
[5h0mn26s] [Private Message] @||DRͥΔZͣEͫ_999|| : $sc test 2k8
[5h0mn29s] [Private Message] @||DRͥΔZͣEͫ_999|| : $sc test
[5h1mn8s] [Private Message] @||DRͥΔZͣEͫ_999|| : $sc test 2k8
[5h1mn11s] [Private Message] @||DRͥΔZͣEͫ_999|| : $sc test
[5h1mn16s] [Private Message] @||DRͥΔZͣEͫ_999|| : $sc test 2k8
[5h1mn19s] [Private Message] @||DRͥΔZͣEͫ_999|| : $sc test
[5h1mn45s] [Private Message] @||DRͥΔZͣEͫ_999|| : $sc test 2k8
[5h1mn47s] [Private Message] @||DRͥΔZͣEͫ_999|| : $sc test
[5h1mn51s] [Private Message] @||DRͥΔZͣEͫ_999|| : $sc test 2k8 a
[5h1mn53s] [Private Message] @||DRͥΔZͣEͫ_999|| : $sc test 2k8 a b
[5h1mn57s] [Private Message] @||DRͥΔZͣEͫ_999|| : $sc test 2k8 a b c
[5h13mn6s] [Private Message] @||DRͥΔZͣEͫ_999|| : $sc test 2k8
[5h13mn18s] [Private Message] @||DRͥΔZͣEͫ_999|| : $sc test 2k8 1 3 Lijiang
[5h14mn37s] [Private Message] @||DRͥΔZͣEͫ_999|| : $sc test 2k8
[5h14mn43s] [Private Message] @||DRͥΔZͣEͫ_999|| : $sc test 2k8 1 3 Lijiang
[5h15mn6s] [Private Message] @||DRͥΔZͣEͫ_999|| : $sc test 2k8
[5h15mn9s] [Private Message] @||DRͥΔZͣEͫ_999|| : $sc test 2k8 1 3 Lijiang
[5h16mn43s] [Private Message] @||DRͥΔZͣEͫ_999|| : $sc test 2k8 1 3 Lijiang 3 3 Eichenwalde 3 1 Hanamura
[5h21mn16s] [Private Message] @||DRͥΔZͣEͫ_999|| : $sc test 2k8 1 3 Lijiang 3 3 Eichenwalde 3 1 Hanamura
[5h21mn43s] [Private Message] @||DRͥΔZͣEͫ_999|| : $sc test 2k8 1 3 Lijiang L 3 3 Eichenwalde W 3 1 Hanamura W
[5h21mn55s] [Private Message] @||DRͥΔZͣEͫ_999|| : $sc test 2k8 1 3 Lijiang L 3 3 Eichenwalde L 3 1 Hanamura W
[5h23mn31s] [Private Message] @||DRͥΔZͣEͫ_999|| : $sc test 2k8 1 3 Lijiang L 3 3 Eichenwalde W 3 1 Hanamura W
[5h23mn37s] [Private Message] @||DRͥΔZͣEͫ_999|| : $sc test 2k8 1 3 Lijiang L 3 3 Eichenwalde W 3 1 Hanamura L
[5h24mn24s] [Private Message] @||DRͥΔZͣEͫ_999|| : $sc test 2k8 1 3 Lijiang L 3 3 Eichenwalde W 3 1 Hanamura L
[5h24mn33s] [Private Message] @||DRͥΔZͣEͫ_999|| : $sc test 2k8 1 3 Lijiang W 3 3 Eichenwalde L 3 1 Hanamura L
[5h25mn13s] [Private Message] @||DRͥΔZͣEͫ_999|| : $sc test 2k8 1 3 Lijiang W 3 3 Eichenwalde L 3 1 Hanamura L
[5h25mn22s] [Private Message] @||DRͥΔZͣEͫ_999|| : $sc test 2k8 1 3 Lijiang W 3 3 Eichenwalde W 3 1 Hanamura L
[5h26mn15s] [Private Message] @||DRͥΔZͣEͫ_999|| : $sc test 2k8 1 3 Lijiang W 3 3 Eichenwalde W 3 1 Hanamura L
[5h28mn15s] [Private Message] @||DRͥΔZͣEͫ_999|| : $sc test 2k8 1 3 Lijiang W 3 3 Eichenwalde W 3 1 Hanamura L
[5h29mn40s] [Private Message] @||DRͥΔZͣEͫ_999|| : $sc test 2k8 1 3 Lijiang W 3 3 Eichenwalde W 3 1 Hanamura L
[5h30mn50s] [Private Message] @||DRͥΔZͣEͫ_999|| : $sc test 2k8 1 3 Lijiang W 3 3 Eichenwalde W 3 1 Hanamura L
[5h31mn41s] [Private Message] @||DRͥΔZͣEͫ_999|| : $sc test 2k8 1 3 Lijiang W 3 3 Eichenwalde W 3 1 Hanamura L
[5h38mn40s] [Private Message] @||DRͥΔZͣEͫ_999|| : $sc test 2k8 1 3 Lijiang W 3 3 Eichenwalde W 3 1 Hanamura L
[5h39mn12s] [Private Message] @||DRͥΔZͣEͫ_999|| : $sc test 2k8 1 3 Lijiang W 3 3 Eichenwalde W 3 1 Hanamura L
[5h39mn21s] [Private Message] @||DRͥΔZͣEͫ_999|| : $sc test 2k8 1 3 Lijiang W 3 3 Eichenwalde L 3 1 Hanamura L
[5h41mn27s] [Private Message] @||DRͥΔZͣEͫ_999|| : $sc test 2k8 1 3 Lijiang W 3 3 Eichenwalde L 3 1 Hanamura L
[5h41mn48s] [Private Message] @||DRͥΔZͣEͫ_999|| : $sc test 2k8 1 3 Lijiang W 3 3 Eichenwalde L 3 1 Hanamura L
[5h51mn0s] [Private Message] @||DRͥΔZͣEͫ_999|| : $sc test 2k8 1 3 Lijiang W 3 3 Eichenwalde L 3 1 Hanamura L
[5h51mn17s] [Private Message] @||DRͥΔZͣEͫ_999|| : $sc DSC'Majestic 2k8 1 3 Lijiang W 3 3 Eichenwalde L 3 1 Hanamura L
[5h51mn34s] [Private Message] @||DRͥΔZͣEͫ_999|| : $sc test 2k8 1 3 Lijiang W 3 3 Eichenwalde L 3 1 Hanamura L
[5h51mn52s] [Private Message] @||DRͥΔZͣEͫ_999|| : $sc test 2k8 1 3 Lijiang W 3 3 Eichenwalde L 3 1 Hanamura L
[5h52mn2s] [Private Message] @||DRͥΔZͣEͫ_999|| : $sc DSC'Majestic 2k8 1 3 Lijiang W 3 3 Eichenwalde L 3 1 Hanamura L
[5h52mn35s] [Private Message] @||DRͥΔZͣEͫ_999|| : $score "DSC Majesty" 2k7
[5h52mn46s] [Private Message] @||DRͥΔZͣEͫ_999|| : $score "DSC'Majesty" 2k7
[5h53mn52s] [Private Message] @||DRͥΔZͣEͫ_999|| : $score DSC'Majesty 2k7 1 2 Lijiang L 1 3 King'sRow L 2 1 Junkertown W 3 1 Eichenwalde W
